# JRE version: Java(TM) SE Runtime Environment (8.0_92-b14) (build 1.8.0_92-b14)
# Java VM: Java HotSpot(TM) 64-Bit Server VM (25.92-b14 mixed mode bsd-amd64 compressed oops)
Heap:
 PSYoungGen      total 114688K, used 50486K [0x000000076ab00000, 0x0000000773e80000, 0x00000007c0000000)
  eden space 109056K, 41% used [0x000000076ab00000,0x000000076d6f3e98,0x0000000771580000)
  from space 5632K, 97% used [0x0000000771880000,0x0000000771dd9d20,0x0000000771e00000)
  to   space 20992K, 0% used [0x0000000772a00000,0x0000000772a00000,0x0000000773e80000)
 ParOldGen       total 111616K, used 19655K [0x00000006c0000000, 0x00000006c6d00000, 0x000000076ab00000)
  object space 111616K, 17% used [0x00000006c0000000,0x00000006c1331c88,0x00000006c6d00000)
 Metaspace       used 20260K, capacity 21622K, committed 21888K, reserved 1069056K
  class space    used 2626K, capacity 2880K, committed 2944K, reserved 1048576K
GC Heap History (10 events):
Event: 12.714 GC heap before
{Heap before GC invocations=4 (full 0):
 PSYoungGen      total 76288K, used 26410K [0x000000076ab00000, 0x0000000770000000, 0x00000007c0000000)
  eden space 65536K, 31% used [0x000000076ab00000,0x000000076bf24150,0x000000076eb00000)
  from space 10752K, 53% used [0x000000076eb00000,0x000000076f0a6968,0x000000076f580000)
  to   space 10752K, 0% used [0x000000076f580000,0x000000076f580000,0x0000000770000000)
 ParOldGen       total 175104K, used 16803K [0x00000006c0000000, 0x00000006cab00000, 0x000000076ab00000)
  object space 175104K, 9% used [0x00000006c0000000,0x00000006c1068ee8,0x00000006cab00000)
 Metaspace       used 19914K, capacity 21228K, committed 21296K, reserved 1067008K
  class space    used 2621K, capacity 2879K, committed 2944K, reserved 1048576K
Event: 12.721 GC heap after
Heap after GC invocations=4 (full 0):
 PSYoungGen      total 76288K, used 8112K [0x000000076ab00000, 0x0000000774000000, 0x00000007c0000000)
  eden space 65536K, 0% used [0x000000076ab00000,0x000000076ab00000,0x000000076eb00000)
  from space 10752K, 75% used [0x000000076f580000,0x000000076fd6c068,0x0000000770000000)
  to   space 10752K, 0% used [0x000000076eb00000,0x000000076eb00000,0x000000076f580000)
 ParOldGen       total 175104K, used 16811K [0x00000006c0000000, 0x00000006cab00000, 0x000000076ab00000)
  object space 175104K, 9% used [0x00000006c0000000,0x00000006c106aee8,0x00000006cab00000)
 Metaspace       used 19914K, capacity 21228K, committed 21296K, reserved 1067008K
  class space    used 2621K, capacity 2879K, committed 2944K, reserved 1048576K
}
Event: 12.721 GC heap before
{Heap before GC invocations=5 (full 1):
 PSYoungGen      total 76288K, used 8112K [0x000000076ab00000, 0x0000000774000000, 0x00000007c0000000)
  eden space 65536K, 0% used [0x000000076ab00000,0x000000076ab00000,0x000000076eb00000)
  from space 10752K, 75% used [0x000000076f580000,0x000000076fd6c068,0x0000000770000000)
  to   space 10752K, 0% used [0x000000076eb00000,0x000000076eb00000,0x000000076f580000)
 ParOldGen       total 175104K, used 16811K [0x00000006c0000000, 0x00000006cab00000, 0x000000076ab00000)
  object space 175104K, 9% used [0x00000006c0000000,0x00000006c106aee8,0x00000006cab00000)
 Metaspace       used 19914K, capacity 21228K, committed 21296K, reserved 1067008K
  class space    used 2621K, capacity 2879K, committed 2944K, reserved 1048576K
Event: 12.760 GC heap after
Heap after GC invocations=5 (full 1):
 PSYoungGen      total 76288K, used 0K [0x000000076ab00000, 0x0000000774000000, 0x00000007c0000000)
  eden space 65536K, 0% used [0x000000076ab00000,0x000000076ab00000,0x000000076eb00000)
  from space 10752K, 0% used [0x000000076f580000,0x000000076f580000,0x0000000770000000)
  to   space 10752K, 0% used [0x000000076eb00000,0x000000076eb00000,0x000000076f580000)
 ParOldGen       total 111616K, used 19631K [0x00000006c0000000, 0x00000006c6d00000, 0x000000076ab00000)
  object space 111616K, 17% used [0x00000006c0000000,0x00000006c132bc88,0x00000006c6d00000)
 Metaspace       used 19914K, capacity 21228K, committed 21296K, reserved 1067008K
  class space    used 2621K, capacity 2879K, committed 2944K, reserved 1048576K
}
Event: 14.508 GC heap before
{Heap before GC invocations=6 (full 1):
 PSYoungGen      total 76288K, used 65536K [0x000000076ab00000, 0x0000000774000000, 0x00000007c0000000)
  eden space 65536K, 100% used [0x000000076ab00000,0x000000076eb00000,0x000000076eb00000)
  from space 10752K, 0% used [0x000000076f580000,0x000000076f580000,0x0000000770000000)
  to   space 10752K, 0% used [0x000000076eb00000,0x000000076eb00000,0x000000076f580000)
 ParOldGen       total 111616K, used 19631K [0x00000006c0000000, 0x00000006c6d00000, 0x000000076ab00000)
  object space 111616K, 17% used [0x00000006c0000000,0x00000006c132bc88,0x00000006c6d00000)
 Metaspace       used 19971K, capacity 21296K, committed 21376K, reserved 1067008K
  class space    used 2622K, capacity 2879K, committed 2944K, reserved 1048576K
Event: 14.510 GC heap after
Heap after GC invocations=6 (full 1):
 PSYoungGen      total 76288K, used 4151K [0x000000076ab00000, 0x0000000774880000, 0x00000007c0000000)
  eden space 65536K, 0% used [0x000000076ab00000,0x000000076ab00000,0x000000076eb00000)
  from space 10752K, 38% used [0x000000076eb00000,0x000000076ef0dd10,0x000000076f580000)
  to   space 23040K, 0% used [0x0000000773200000,0x0000000773200000,0x0000000774880000)
 ParOldGen       total 111616K, used 19639K [0x00000006c0000000, 0x00000006c6d00000, 0x000000076ab00000)
  object space 111616K, 17% used [0x00000006c0000000,0x00000006c132dc88,0x00000006c6d00000)
 Metaspace       used 19971K, capacity 21296K, committed 21376K, reserved 1067008K
  class space    used 2622K, capacity 2879K, committed 2944K, reserved 1048576K
}
Event: 16.969 GC heap before
{Heap before GC invocations=7 (full 1):
 PSYoungGen      total 76288K, used 69687K [0x000000076ab00000, 0x0000000774880000, 0x00000007c0000000)
  eden space 65536K, 100% used [0x000000076ab00000,0x000000076eb00000,0x000000076eb00000)
  from space 10752K, 38% used [0x000000076eb00000,0x000000076ef0dd10,0x000000076f580000)
  to   space 23040K, 0% used [0x0000000773200000,0x0000000773200000,0x0000000774880000)
 ParOldGen       total 111616K, used 19639K [0x00000006c0000000, 0x00000006c6d00000, 0x000000076ab00000)
  object space 111616K, 17% used [0x00000006c0000000,0x00000006c132dc88,0x00000006c6d00000)
 Metaspace       used 20043K, capacity 21360K, committed 21632K, reserved 1069056K
  class space    used 2622K, capacity 2879K, committed 2944K, reserved 1048576K
Event: 16.973 GC heap after
Heap after GC invocations=7 (full 1):
 PSYoungGen      total 130048K, used 4839K [0x000000076ab00000, 0x0000000774380000, 0x00000007c0000000)
  eden space 112128K, 0% used [0x000000076ab00000,0x000000076ab00000,0x0000000771880000)
  from space 17920K, 27% used [0x0000000773200000,0x00000007736b9d20,0x0000000774380000)
  to   space 22016K, 0% used [0x0000000771880000,0x0000000771880000,0x0000000772e00000)
 ParOldGen       total 111616K, used 19647K [0x00000006c0000000, 0x00000006c6d00000, 0x000000076ab00000)
  object space 111616K, 17% used [0x00000006c0000000,0x00000006c132fc88,0x00000006c6d00000)
 Metaspace       used 20043K, capacity 21360K, committed 21632K, reserved 1069056K
  class space    used 2622K, capacity 2879K, committed 2944K, reserved 1048576K
}
Event: 20.869 GC heap before
{Heap before GC invocations=8 (full 1):
 PSYoungGen      total 130048K, used 116967K [0x000000076ab00000, 0x0000000774380000, 0x00000007c0000000)
  eden space 112128K, 100% used [0x000000076ab00000,0x0000000771880000,0x0000000771880000)
  from space 17920K, 27% used [0x0000000773200000,0x00000007736b9d20,0x0000000774380000)
  to   space 22016K, 0% used [0x0000000771880000,0x0000000771880000,0x0000000772e00000)
 ParOldGen       total 111616K, used 19647K [0x00000006c0000000, 0x00000006c6d00000, 0x000000076ab00000)
  object space 111616K, 17% used [0x00000006c0000000,0x00000006c132fc88,0x00000006c6d00000)
 Metaspace       used 20169K, capacity 21488K, committed 21632K, reserved 1069056K
  class space    used 2622K, capacity 2879K, committed 2944K, reserved 1048576K
Event: 20.874 GC heap after
Heap after GC invocations=8 (full 1):
 PSYoungGen      total 114688K, used 5479K [0x000000076ab00000, 0x0000000773e80000, 0x00000007c0000000)
  eden space 109056K, 0% used [0x000000076ab00000,0x000000076ab00000,0x0000000771580000)
  from space 5632K, 97% used [0x0000000771880000,0x0000000771dd9d20,0x0000000771e00000)
  to   space 20992K, 0% used [0x0000000772a00000,0x0000000772a00000,0x0000000773e80000)
 ParOldGen       total 111616K, used 19655K [0x00000006c0000000, 0x00000006c6d00000, 0x000000076ab00000)
  object space 111616K, 17% used [0x00000006c0000000,0x00000006c1331c88,0x00000006c6d00000)
 Metaspace       used 20169K, capacity 21488K, committed 21632K, reserved 1069056K
  class space    used 2622K, capacity 2879K, committed 2944K, reserved 1048576K
}

