# JRE version: Java(TM) SE Runtime Environment (8.0_92-b14) (build 1.8.0_92-b14)
# Java VM: Java HotSpot(TM) 64-Bit Server VM (25.92-b14 mixed mode bsd-amd64 compressed oops)
Heap:
 PSYoungGen      total 79360K, used 51267K [0x000000076ab00000, 0x0000000770c00000, 0x00000007c0000000)
  eden space 62464K, 82% used [0x000000076ab00000,0x000000076dd10e98,0x000000076e800000)
  from space 16896K, 0% used [0x000000076fb80000,0x000000076fb80000,0x0000000770c00000)
  to   space 18432K, 0% used [0x000000076e800000,0x000000076e800000,0x000000076fa00000)
 ParOldGen       total 93184K, used 21720K [0x00000006c0000000, 0x00000006c5b00000, 0x000000076ab00000)
  object space 93184K, 23% used [0x00000006c0000000,0x00000006c1536110,0x00000006c5b00000)
 Metaspace       used 20284K, capacity 21560K, committed 21884K, reserved 1069056K
  class space    used 2626K, capacity 2881K, committed 2944K, reserved 1048576K
GC Heap History (10 events):
Event: 7.377 GC heap before
{Heap before GC invocations=3 (full 0):
 PSYoungGen      total 76288K, used 75126K [0x000000076ab00000, 0x0000000770000000, 0x00000007c0000000)
  eden space 65536K, 98% used [0x000000076ab00000,0x000000076e9dd9c0,0x000000076eb00000)
  from space 10752K, 99% used [0x000000076f580000,0x000000076fffff98,0x0000000770000000)
  to   space 10752K, 0% used [0x000000076eb00000,0x000000076eb00000,0x000000076f580000)
 ParOldGen       total 175104K, used 11028K [0x00000006c0000000, 0x00000006cab00000, 0x000000076ab00000)
  object space 175104K, 6% used [0x00000006c0000000,0x00000006c0ac52b8,0x00000006cab00000)
 Metaspace       used 19932K, capacity 21280K, committed 21376K, reserved 1067008K
  class space    used 2621K, capacity 2879K, committed 2944K, reserved 1048576K
Event: 7.387 GC heap after
Heap after GC invocations=3 (full 0):
 PSYoungGen      total 76288K, used 10735K [0x000000076ab00000, 0x0000000770000000, 0x00000007c0000000)
  eden space 65536K, 0% used [0x000000076ab00000,0x000000076ab00000,0x000000076eb00000)
  from space 10752K, 99% used [0x000000076eb00000,0x000000076f57bfa8,0x000000076f580000)
  to   space 10752K, 0% used [0x000000076f580000,0x000000076f580000,0x0000000770000000)
 ParOldGen       total 175104K, used 11660K [0x00000006c0000000, 0x00000006cab00000, 0x000000076ab00000)
  object space 175104K, 6% used [0x00000006c0000000,0x00000006c0b632b8,0x00000006cab00000)
 Metaspace       used 19932K, capacity 21280K, committed 21376K, reserved 1067008K
  class space    used 2621K, capacity 2879K, committed 2944K, reserved 1048576K
}
Event: 9.888 GC heap before
{Heap before GC invocations=4 (full 0):
 PSYoungGen      total 76288K, used 76271K [0x000000076ab00000, 0x0000000770000000, 0x00000007c0000000)
  eden space 65536K, 100% used [0x000000076ab00000,0x000000076eb00000,0x000000076eb00000)
  from space 10752K, 99% used [0x000000076eb00000,0x000000076f57bfa8,0x000000076f580000)
  to   space 10752K, 0% used [0x000000076f580000,0x000000076f580000,0x0000000770000000)
 ParOldGen       total 175104K, used 11660K [0x00000006c0000000, 0x00000006cab00000, 0x000000076ab00000)
  object space 175104K, 6% used [0x00000006c0000000,0x00000006c0b632b8,0x00000006cab00000)
 Metaspace       used 20084K, capacity 21420K, committed 21628K, reserved 1069056K
  class space    used 2622K, capacity 2879K, committed 2944K, reserved 1048576K
Event: 9.898 GC heap after
Heap after GC invocations=4 (full 0):
 PSYoungGen      total 76288K, used 10703K [0x000000076ab00000, 0x0000000770000000, 0x00000007c0000000)
  eden space 65536K, 0% used [0x000000076ab00000,0x000000076ab00000,0x000000076eb00000)
  from space 10752K, 99% used [0x000000076f580000,0x000000076fff3f98,0x0000000770000000)
  to   space 10752K, 0% used [0x000000076eb00000,0x000000076eb00000,0x000000076f580000)
 ParOldGen       total 175104K, used 12116K [0x00000006c0000000, 0x00000006cab00000, 0x000000076ab00000)
  object space 175104K, 6% used [0x00000006c0000000,0x00000006c0bd52c8,0x00000006cab00000)
 Metaspace       used 20084K, capacity 21420K, committed 21628K, reserved 1069056K
  class space    used 2622K, capacity 2879K, committed 2944K, reserved 1048576K
}
Event: 12.396 GC heap before
{Heap before GC invocations=5 (full 0):
 PSYoungGen      total 76288K, used 76239K [0x000000076ab00000, 0x0000000770000000, 0x00000007c0000000)
  eden space 65536K, 100% used [0x000000076ab00000,0x000000076eb00000,0x000000076eb00000)
  from space 10752K, 99% used [0x000000076f580000,0x000000076fff3f98,0x0000000770000000)
  to   space 10752K, 0% used [0x000000076eb00000,0x000000076eb00000,0x000000076f580000)
 ParOldGen       total 175104K, used 12116K [0x00000006c0000000, 0x00000006cab00000, 0x000000076ab00000)
  object space 175104K, 6% used [0x00000006c0000000,0x00000006c0bd52c8,0x00000006cab00000)
 Metaspace       used 20168K, capacity 21484K, committed 21628K, reserved 1069056K
  class space    used 2622K, capacity 2879K, committed 2944K, reserved 1048576K
Event: 12.407 GC heap after
Heap after GC invocations=5 (full 0):
 PSYoungGen      total 74752K, used 10703K [0x000000076ab00000, 0x0000000770d80000, 0x00000007c0000000)
  eden space 64000K, 0% used [0x000000076ab00000,0x000000076ab00000,0x000000076e980000)
  from space 10752K, 99% used [0x000000076eb00000,0x000000076f573f98,0x000000076f580000)
  to   space 18432K, 0% used [0x000000076fb80000,0x000000076fb80000,0x0000000770d80000)
 ParOldGen       total 175104K, used 12124K [0x00000006c0000000, 0x00000006cab00000, 0x000000076ab00000)
  object space 175104K, 6% used [0x00000006c0000000,0x00000006c0bd72c8,0x00000006cab00000)
 Metaspace       used 20168K, capacity 21484K, committed 21628K, reserved 1069056K
  class space    used 2622K, capacity 2879K, committed 2944K, reserved 1048576K
}
Event: 13.950 GC heap before
{Heap before GC invocations=6 (full 0):
 PSYoungGen      total 74752K, used 53825K [0x000000076ab00000, 0x0000000770d80000, 0x00000007c0000000)
  eden space 64000K, 67% used [0x000000076ab00000,0x000000076d51c560,0x000000076e980000)
  from space 10752K, 99% used [0x000000076eb00000,0x000000076f573f98,0x000000076f580000)
  to   space 18432K, 0% used [0x000000076fb80000,0x000000076fb80000,0x0000000770d80000)
 ParOldGen       total 175104K, used 12124K [0x00000006c0000000, 0x00000006cab00000, 0x000000076ab00000)
  object space 175104K, 6% used [0x00000006c0000000,0x00000006c0bd72c8,0x00000006cab00000)
 Metaspace       used 20201K, capacity 21484K, committed 21628K, reserved 1069056K
  class space    used 2622K, capacity 2879K, committed 2944K, reserved 1048576K
Event: 13.960 GC heap after
Heap after GC invocations=6 (full 0):
 PSYoungGen      total 79360K, used 10415K [0x000000076ab00000, 0x0000000770c00000, 0x00000007c0000000)
  eden space 62464K, 0% used [0x000000076ab00000,0x000000076ab00000,0x000000076e800000)
  from space 16896K, 61% used [0x000000076fb80000,0x00000007705abf98,0x0000000770c00000)
  to   space 18432K, 0% used [0x000000076e800000,0x000000076e800000,0x000000076fa00000)
 ParOldGen       total 175104K, used 12132K [0x00000006c0000000, 0x00000006cab00000, 0x000000076ab00000)
  object space 175104K, 6% used [0x00000006c0000000,0x00000006c0bd92c8,0x00000006cab00000)
 Metaspace       used 20201K, capacity 21484K, committed 21628K, reserved 1069056K
  class space    used 2622K, capacity 2879K, committed 2944K, reserved 1048576K
}
Event: 13.960 GC heap before
{Heap before GC invocations=7 (full 1):
 PSYoungGen      total 79360K, used 10415K [0x000000076ab00000, 0x0000000770c00000, 0x00000007c0000000)
  eden space 62464K, 0% used [0x000000076ab00000,0x000000076ab00000,0x000000076e800000)
  from space 16896K, 61% used [0x000000076fb80000,0x00000007705abf98,0x0000000770c00000)
  to   space 18432K, 0% used [0x000000076e800000,0x000000076e800000,0x000000076fa00000)
 ParOldGen       total 175104K, used 12132K [0x00000006c0000000, 0x00000006cab00000, 0x000000076ab00000)
  object space 175104K, 6% used [0x00000006c0000000,0x00000006c0bd92c8,0x00000006cab00000)
 Metaspace       used 20201K, capacity 21484K, committed 21628K, reserved 1069056K
  class space    used 2622K, capacity 2879K, committed 2944K, reserved 1048576K
Event: 14.008 GC heap after
Heap after GC invocations=7 (full 1):
 PSYoungGen      total 79360K, used 0K [0x000000076ab00000, 0x0000000770c00000, 0x00000007c0000000)
  eden space 62464K, 0% used [0x000000076ab00000,0x000000076ab00000,0x000000076e800000)
  from space 16896K, 0% used [0x000000076fb80000,0x000000076fb80000,0x0000000770c00000)
  to   space 18432K, 0% used [0x000000076e800000,0x000000076e800000,0x000000076fa00000)
 ParOldGen       total 93184K, used 21720K [0x00000006c0000000, 0x00000006c5b00000, 0x000000076ab00000)
  object space 93184K, 23% used [0x00000006c0000000,0x00000006c1536110,0x00000006c5b00000)
 Metaspace       used 20201K, capacity 21484K, committed 21628K, reserved 1069056K
  class space    used 2622K, capacity 2879K, committed 2944K, reserved 1048576K
}

